#
# There is insufficient memory for the Java Runtime Environment to continue.
# Native memory allocation (malloc) failed to allocate 1042896 bytes for Chunk::new
# Possible reasons:
#   The system is out of physical RAM or swap space
#   In 32 bit mode, the process size limit was hit
# Possible solutions:
#   Reduce memory load on the system
#   Increase physical memory or swap space
#   Check if swap backing store is full
#   Use 64 bit Java on a 64 bit OS
#   Decrease Java heap size (-Xmx/-Xms)
#   Decrease number of Java threads
#   Decrease Java thread stack sizes (-Xss)
#   Set larger code cache with -XX:ReservedCodeCacheSize=
# This output file may be truncated or incomplete.
#
#  Out of Memory Error (allocation.cpp:323), pid=6412, tid=9140
#
# JRE version: Java(TM) SE Runtime Environment (7.0_55-b13) (build 1.7.0_55-b13)
# Java VM: Java HotSpot(TM) 64-Bit Server VM (24.55-b03 mixed mode windows-amd64 compressed oops)
# Failed to write core dump. Minidumps are not enabled by default on client versions of Windows
#

---------------  T H R E A D  ---------------

Current thread (0x000000000281b000):  JavaThread "C2 CompilerThread1" daemon [_thread_in_native, id=9140, stack(0x000000000b220000,0x000000000b320000)]

Stack: [0x000000000b220000,0x000000000b320000]

Current CompileTask:
C2:   1567  247             com.android.dx.ssa.Dominators::run (506 bytes)


---------------  P R O C E S S  ---------------

Java Threads: ( => current thread )
  0x000000000aced000 JavaThread "pool-2-thread-4" [_thread_in_vm, id=3136, stack(0x000000000b920000,0x000000000ba20000)]
  0x000000000ac88000 JavaThread "pool-2-thread-3" [_thread_in_Java, id=8336, stack(0x000000000b820000,0x000000000b920000)]
  0x000000000ac87800 JavaThread "pool-2-thread-2" [_thread_in_vm, id=9540, stack(0x000000000b720000,0x000000000b820000)]
  0x000000000ac57000 JavaThread "pool-3-thread-1" [_thread_blocked, id=7752, stack(0x000000000b620000,0x000000000b720000)]
  0x000000000ab70800 JavaThread "pool-2-thread-1" [_thread_in_vm, id=5544, stack(0x000000000b520000,0x000000000b620000)]
  0x000000000281e800 JavaThread "Service Thread" daemon [_thread_blocked, id=9368, stack(0x000000000b320000,0x000000000b420000)]
=>0x000000000281b000 JavaThread "C2 CompilerThread1" daemon [_thread_in_native, id=9140, stack(0x000000000b220000,0x000000000b320000)]
  0x000000000280d800 JavaThread "C2 CompilerThread0" daemon [_thread_in_native, id=6624, stack(0x000000000b120000,0x000000000b220000)]
  0x000000000280d000 JavaThread "Attach Listener" daemon [_thread_blocked, id=8040, stack(0x000000000b020000,0x000000000b120000)]
  0x0000000002808000 JavaThread "Signal Dispatcher" daemon [_thread_blocked, id=8420, stack(0x000000000af20000,0x000000000b020000)]
  0x0000000008b3e000 JavaThread "Finalizer" daemon [_thread_blocked, id=9040, stack(0x000000000aa20000,0x000000000ab20000)]
  0x0000000008b35800 JavaThread "Reference Handler" daemon [_thread_blocked, id=6804, stack(0x000000000a920000,0x000000000aa20000)]
  0x0000000002720800 JavaThread "main" [_thread_blocked, id=760, stack(0x00000000025b0000,0x00000000026b0000)]

Other Threads:
  0x0000000008b34000 VMThread [stack: 0x000000000a820000,0x000000000a920000] [id=8432]
  0x000000000ab50800 WatcherThread [stack: 0x000000000b420000,0x000000000b520000] [id=4424]

VM state:not at safepoint (normal execution)

VM Mutex/Monitor currently owned by a thread: None

Heap
 PSYoungGen      total 71680K, used 11186K [0x00000000eaa80000, 0x00000000ef580000, 0x0000000100000000)
  eden space 66560K, 9% used [0x00000000eaa80000,0x00000000eb06f818,0x00000000eeb80000)
  from space 5120K, 99% used [0x00000000ef080000,0x00000000ef57d2b0,0x00000000ef580000)
  to   space 5120K, 0% used [0x00000000eeb80000,0x00000000eeb80000,0x00000000ef080000)
 ParOldGen       total 86016K, used 24026K [0x00000000c0000000, 0x00000000c5400000, 0x00000000eaa80000)
  object space 86016K, 27% used [0x00000000c0000000,0x00000000c1776b60,0x00000000c5400000)
 PSPermGen       total 21504K, used 5337K [0x00000000bae00000, 0x00000000bc300000, 0x00000000c0000000)
  object space 21504K, 24% used [0x00000000bae00000,0x00000000bb336478,0x00000000bc300000)

Card table byte_map: [0x00000000058e0000,0x0000000005b10000] byte_map_base: 0x0000000005309000

Polling page: 0x00000000008a0000

Code Cache  [0x0000000002820000, 0x0000000002a90000, 0x0000000005820000)
 total_blobs=460 nmethods=246 adapters=166 free_code_cache=48163Kb largest_free_block=49291008

Compilation events (10 events):
Event: 1.444 Thread 0x000000000281b000 nmethod 242 0x00000000028fb190 code [0x00000000028fb2e0, 0x00000000028fb6f8]
Event: 1.444 Thread 0x000000000281b000  243             com.android.dx.cf.code.Frame::getSubroutines (5 bytes)
Event: 1.444 Thread 0x000000000281b000 nmethod 243 0x00000000028faf90 code [0x00000000028fb0c0, 0x00000000028fb118]
Event: 1.444 Thread 0x000000000281b000  244             com.android.dx.rop.code.BasicBlock::getPrimarySuccessor (5 bytes)
Event: 1.444 Thread 0x000000000281b000 nmethod 244 0x00000000028fad90 code [0x00000000028faec0, 0x00000000028faf18]
Event: 1.444 Thread 0x000000000281b000  245             com.android.dx.rop.type.Type::getFrameType (58 bytes)
Event: 1.445 Thread 0x000000000281b000 nmethod 245 0x00000000028fab90 code [0x00000000028facc0, 0x00000000028fad38]
Event: 1.445 Thread 0x000000000281b000  246             com.android.dx.rop.type.Type::getFrameType (5 bytes)
Event: 1.445 Thread 0x000000000281b000 nmethod 246 0x00000000028fa990 code [0x00000000028faac0, 0x00000000028fab38]
Event: 1.445 Thread 0x000000000281b000  247             com.android.dx.ssa.Dominators::run (506 bytes)

GC Heap History (4 events):
Event: 1.055 GC heap before
{Heap before GC invocations=1 (full 0):
 PSYoungGen      total 38400K, used 33280K [0x00000000eaa80000, 0x00000000ed500000, 0x0000000100000000)
  eden space 33280K, 100% used [0x00000000eaa80000,0x00000000ecb00000,0x00000000ecb00000)
  from space 5120K, 0% used [0x00000000ed000000,0x00000000ed000000,0x00000000ed500000)
  to   space 5120K, 0% used [0x00000000ecb00000,0x00000000ecb00000,0x00000000ed000000)
 ParOldGen       total 86016K, used 0K [0x00000000c0000000, 0x00000000c5400000, 0x00000000eaa80000)
  object space 86016K, 0% used [0x00000000c0000000,0x00000000c0000000,0x00000000c5400000)
 PSPermGen       total 21504K, used 5261K [0x00000000bae00000, 0x00000000bc300000, 0x00000000c0000000)
  object space 21504K, 24% used [0x00000000bae00000,0x00000000bb3236b0,0x00000000bc300000)
Event: 1.079 GC heap after
Heap after GC invocations=1 (full 0):
 PSYoungGen      total 38400K, used 5100K [0x00000000eaa80000, 0x00000000ef580000, 0x0000000100000000)
  eden space 33280K, 0% used [0x00000000eaa80000,0x00000000eaa80000,0x00000000ecb00000)
  from space 5120K, 99% used [0x00000000ecb00000,0x00000000ecffb188,0x00000000ed000000)
  to   space 5120K, 0% used [0x00000000ef080000,0x00000000ef080000,0x00000000ef580000)
 ParOldGen       total 86016K, used 8713K [0x00000000c0000000, 0x00000000c5400000, 0x00000000eaa80000)
  object space 86016K, 10% used [0x00000000c0000000,0x00000000c08827f8,0x00000000c5400000)
 PSPermGen       total 21504K, used 5261K [0x00000000bae00000, 0x00000000bc300000, 0x00000000c0000000)
  object space 21504K, 24% used [0x00000000bae00000,0x00000000bb3236b0,0x00000000bc300000)
}
Event: 1.344 GC heap before
{Heap before GC invocations=2 (full 0):
 PSYoungGen      total 38400K, used 38380K [0x00000000eaa80000, 0x00000000ef580000, 0x0000000100000000)
  eden space 33280K, 100% used [0x00000000eaa80000,0x00000000ecb00000,0x00000000ecb00000)
  from space 5120K, 99% used [0x00000000ecb00000,0x00000000ecffb188,0x00000000ed000000)
  to   space 5120K, 0% used [0x00000000ef080000,0x00000000ef080000,0x00000000ef580000)
 ParOldGen       total 86016K, used 8713K [0x00000000c0000000, 0x00000000c5400000, 0x00000000eaa80000)
  object space 86016K, 10% used [0x00000000c0000000,0x00000000c08827f8,0x00000000c5400000)
 PSPermGen       total 21504K, used 5328K [0x00000000bae00000, 0x00000000bc300000, 0x00000000c0000000)
  object space 21504K, 24% used [0x00000000bae00000,0x00000000bb334198,0x00000000bc300000)
Event: 1.427 GC heap after
Heap after GC invocations=2 (full 0):
 PSYoungGen      total 71680K, used 5108K [0x00000000eaa80000, 0x00000000ef580000, 0x0000000100000000)
  eden space 66560K, 0% used [0x00000000eaa80000,0x00000000eaa80000,0x00000000eeb80000)
  from space 5120K, 99% used [0x00000000ef080000,0x00000000ef57d2b0,0x00000000ef580000)
  to   space 5120K, 0% used [0x00000000eeb80000,0x00000000eeb80000,0x00000000ef080000)
 ParOldGen       total 86016K, used 24026K [0x00000000c0000000, 0x00000000c5400000, 0x00000000eaa80000)
  object space 86016K, 27% used [0x00000000c0000000,0x00000000c1776b60,0x00000000c5400000)
 PSPermGen       total 21504K, used 5328K [0x00000000bae00000, 0x00000000bc300000, 0x00000000c0000000)
  object space 21504K, 24% used [0x00000000bae00000,0x00000000bb334198,0x00000000bc300000)
}

Deoptimization events (10 events):
Event: 0.814 Thread 0x000000000ac87800 Uncommon trap: reason=class_check action=maybe_recompile pc=0x00000000028b4010 method=com.android.dx.cf.code.BytecodeArray.parseInstruction(ILcom/android/dx/cf/code/BytecodeArray$Visitor;)I @ 971
Event: 1.108 Thread 0x0000000002720800 Uncommon trap: reason=bimorphic action=maybe_recompile pc=0x00000000028d2c70 method=com.android.dx.cf.code.BytecodeArray.parseInstruction(ILcom/android/dx/cf/code/BytecodeArray$Visitor;)I @ 1130
Event: 1.108 Thread 0x0000000002720800 Uncommon trap: reason=bimorphic action=maybe_recompile pc=0x00000000028d3b90 method=com.android.dx.cf.code.BytecodeArray.parseInstruction(ILcom/android/dx/cf/code/BytecodeArray$Visitor;)I @ 907
Event: 1.108 Thread 0x0000000002720800 Uncommon trap: reason=bimorphic action=maybe_recompile pc=0x00000000028d2e90 method=com.android.dx.cf.code.BytecodeArray.parseInstruction(ILcom/android/dx/cf/code/BytecodeArray$Visitor;)I @ 1224
Event: 1.108 Thread 0x0000000002720800 Uncommon trap: reason=bimorphic action=maybe_recompile pc=0x00000000028d4110 method=com.android.dx.cf.code.BytecodeArray.parseInstruction(ILcom/android/dx/cf/code/BytecodeArray$Visitor;)I @ 923
Event: 1.108 Thread 0x0000000002720800 Uncommon trap: reason=bimorphic action=maybe_recompile pc=0x00000000028d2e90 method=com.android.dx.cf.code.BytecodeArray.parseInstruction(ILcom/android/dx/cf/code/BytecodeArray$Visitor;)I @ 1224
Event: 1.110 Thread 0x0000000002720800 Uncommon trap: reason=class_check action=maybe_recompile pc=0x00000000028de21c method=com.android.dx.cf.code.Ropper.processBlock(Lcom/android/dx/cf/code/ByteBlock;Lcom/android/dx/cf/code/Frame;[I)V @ 777
Event: 1.110 Thread 0x0000000002720800 Uncommon trap: reason=class_check action=maybe_recompile pc=0x00000000028de21c method=com.android.dx.cf.code.Ropper.processBlock(Lcom/android/dx/cf/code/ByteBlock;Lcom/android/dx/cf/code/Frame;[I)V @ 777
Event: 1.111 Thread 0x0000000002720800 Uncommon trap: reason=class_check action=maybe_recompile pc=0x00000000028de21c method=com.android.dx.cf.code.Ropper.processBlock(Lcom/android/dx/cf/code/ByteBlock;Lcom/android/dx/cf/code/Frame;[I)V @ 777
Event: 1.111 Thread 0x0000000002720800 Uncommon trap: reason=class_check action=maybe_recompile pc=0x00000000028de21c method=com.android.dx.cf.code.Ropper.processBlock(Lcom/android/dx/cf/code/ByteBlock;Lcom/android/dx/cf/code/Frame;[I)V @ 777

Internal exceptions (10 events):
Event: 0.552 Thread 0x000000000ac87800 Threw 0x00000000eb566728 at C:\re\jdk7u55\869\hotspot\src\share\vm\prims\jvm.cpp:1244
Event: 0.553 Thread 0x000000000ac87800 Threw 0x00000000eb56f1f8 at C:\re\jdk7u55\869\hotspot\src\share\vm\prims\jvm.cpp:1244
Event: 0.553 Thread 0x000000000aced000 Threw 0x00000000eb1cfd08 at C:\re\jdk7u55\869\hotspot\src\share\vm\prims\jvm.cpp:1244
Event: 0.554 Thread 0x000000000aced000 Threw 0x00000000eb1d2b08 at C:\re\jdk7u55\869\hotspot\src\share\vm\prims\jvm.cpp:1244
Event: 0.555 Thread 0x0000000002720800 Threw 0x00000000eb406fb0 at C:\re\jdk7u55\869\hotspot\src\share\vm\prims\jvm.cpp:1244
Event: 0.585 Thread 0x0000000002720800 Threw 0x00000000eb72e018 at C:\re\jdk7u55\869\hotspot\src\share\vm\prims\jvm.cpp:1244
Event: 0.651 Thread 0x000000000ac87800 Threw 0x00000000eb8aef28 at C:\re\jdk7u55\869\hotspot\src\share\vm\prims\jvm.cpp:1244
Event: 0.653 Thread 0x000000000ac87800 Threw 0x00000000eb8b69f0 at C:\re\jdk7u55\869\hotspot\src\share\vm\prims\jvm.cpp:1244
Event: 1.157 Thread 0x000000000ac88000 Threw 0x00000000eb30bcc8 at C:\re\jdk7u55\869\hotspot\src\share\vm\prims\jvm.cpp:1244
Event: 1.171 Thread 0x000000000ac88000 Threw 0x00000000eb36d9e0 at C:\re\jdk7u55\869\hotspot\src\share\vm\prims\jvm.cpp:1244

Events (10 events):
Event: 1.157 loading class 0x000000000ad1cad0
Event: 1.157 loading class 0x000000000ad1cad0 done
Event: 1.171 loading class 0x000000000af1b910
Event: 1.171 loading class 0x000000000af1b910 done
Event: 1.203 loading class 0x000000000279e830
Event: 1.203 loading class 0x000000000279e830 done
Event: 1.203 loading class 0x000000000279e800
Event: 1.203 loading class 0x000000000279e800 done
Event: 1.343 Executing VM operation: ParallelGCFailedAllocation
Event: 1.427 Executing VM operation: ParallelGCFailedAllocation done


Dynamic libraries:
0x00007ff79db90000 - 0x00007ff79dbc3000 	C:\Program Files\Java\jdk1.7.0_55\bin\java.exe
0x00007ffc65040000 - 0x00007ffc651e9000 	C:\Windows\SYSTEM32\ntdll.dll
0x00007ffc62970000 - 0x00007ffc62aa9000 	C:\Windows\system32\KERNEL32.DLL
0x00007ffc62770000 - 0x00007ffc6287e000 	C:\Windows\system32\KERNELBASE.dll
0x00007ffc60f90000 - 0x00007ffc6101b000 	C:\Windows\system32\apphelp.dll
0x00007ffc57ac0000 - 0x00007ffc57b0f000 	C:\Windows\AppPatch\AppPatch64\AcGenral.DLL
0x00007ffc63550000 - 0x00007ffc635f7000 	C:\Windows\system32\msvcrt.dll
0x00007ffc62230000 - 0x00007ffc6225b000 	C:\Windows\SYSTEM32\SspiCli.dll
0x00007ffc63760000 - 0x00007ffc637b1000 	C:\Windows\system32\SHLWAPI.dll
0x00007ffc62bf0000 - 0x00007ffc62d61000 	C:\Windows\system32\USER32.dll
0x00007ffc630d0000 - 0x00007ffc63246000 	C:\Windows\system32\ole32.dll
0x00007ffc637c0000 - 0x00007ffc64bcf000 	C:\Windows\system32\SHELL32.dll
0x00007ffc61990000 - 0x00007ffc619af000 	C:\Windows\SYSTEM32\USERENV.dll
0x00007ffc62d80000 - 0x00007ffc62e25000 	C:\Windows\system32\ADVAPI32.dll
0x00007ffc56c70000 - 0x00007ffc56c8b000 	C:\Windows\SYSTEM32\MPR.dll
0x00007ffc64bd0000 - 0x00007ffc64d06000 	C:\Windows\system32\RPCRT4.dll
0x00007ffc63440000 - 0x00007ffc63497000 	C:\Windows\SYSTEM32\sechost.dll
0x00007ffc63250000 - 0x00007ffc63427000 	C:\Windows\SYSTEM32\combase.dll
0x00007ffc63600000 - 0x00007ffc63745000 	C:\Windows\system32\GDI32.dll
0x00007ffc623c0000 - 0x00007ffc623d4000 	C:\Windows\SYSTEM32\profapi.dll
0x00007ffc60a10000 - 0x00007ffc60ab1000 	C:\Windows\SYSTEM32\SHCORE.dll
0x00007ffc62e30000 - 0x00007ffc62e64000 	C:\Windows\system32\IMM32.DLL
0x00007ffc62ab0000 - 0x00007ffc62be8000 	C:\Windows\system32\MSCTF.dll
0x00007ffc62370000 - 0x00007ffc623a1000 	C:\Windows\system32\nvinitx.dll
0x000000000f000000 - 0x000000000f006000 	C:\Program Files\NVIDIA Corporation\CoProcManager\_etoured.dll
0x00007ffc60130000 - 0x00007ffc6015d000 	C:\Program Files\NVIDIA Corporation\CoProcManager\nvd3d9wrapx.dll
0x00007ffc64d10000 - 0x00007ffc64ee6000 	C:\Windows\system32\SETUPAPI.dll
0x00007ffc62880000 - 0x00007ffc628ca000 	C:\Windows\system32\CFGMGR32.dll
0x00007ffc60100000 - 0x00007ffc60122000 	C:\Program Files\NVIDIA Corporation\CoProcManager\nvdxgiwrapx.dll
0x00007ffc60570000 - 0x00007ffc607ca000 	C:\Windows\WinSxS\amd64_microsoft.windows.common-controls_6595b64144ccf1df_6.0.9600.16384_none_62475f7becb72503\COMCTL32.dll
0x0000000075800000 - 0x00000000758d2000 	C:\Program Files\Java\jdk1.7.0_55\jre\bin\msvcr100.dll
0x0000000075c90000 - 0x0000000076459000 	C:\Program Files\Java\jdk1.7.0_55\jre\bin\server\jvm.dll
0x00007ffc57b70000 - 0x00007ffc57b79000 	C:\Windows\SYSTEM32\WSOCK32.dll
0x00007ffc600e0000 - 0x00007ffc600ff000 	C:\Windows\SYSTEM32\WINMM.dll
0x00007ffc63750000 - 0x00007ffc63757000 	C:\Windows\system32\PSAPI.DLL
0x00007ffc64ef0000 - 0x00007ffc64f48000 	C:\Windows\system32\WS2_32.dll
0x00007ffc5f6f0000 - 0x00007ffc5f71a000 	C:\Windows\SYSTEM32\WINMMBASE.dll
0x00007ffc62d70000 - 0x00007ffc62d79000 	C:\Windows\system32\NSI.dll
0x00007ffc61230000 - 0x00007ffc61256000 	C:\Windows\SYSTEM32\DEVOBJ.dll
0x0000000075c80000 - 0x0000000075c8f000 	C:\Program Files\Java\jdk1.7.0_55\jre\bin\verify.dll
0x0000000075c50000 - 0x0000000075c78000 	C:\Program Files\Java\jdk1.7.0_55\jre\bin\java.dll
0x0000000075c30000 - 0x0000000075c45000 	C:\Program Files\Java\jdk1.7.0_55\jre\bin\zip.dll

VM Arguments:
jvm_args: -Djava.awt.headless=true -Xmx1024M -Dfile.encoding=windows-1252 -Duser.country=US -Duser.language=en -Duser.variant 
java_command: com.android.dx.command.Main --dex --force-jumbo --num-threads=4 --multi-dex --output C:\Users\Ravimal\AndroidStudioProjects\Healthy\app\build\intermediates\transforms\dex\debug\folders\1000\5\slice_9 C:\Users\Ravimal\AndroidStudioProjects\Healthy\app\build\intermediates\transforms\instantRunSlicer\debug\folders\1\5\slice_9
Launcher Type: SUN_STANDARD

Environment Variables:
JAVA_HOME=C:\Program Files\Java\jdk1.7.0_55
PATH=;C:\Program Files (x86)\NVIDIA Corporation\PhysX\Common;C:\Windows\system32;C:\Windows;C:\Windows\System32\Wbem;C:\Windows\System32\WindowsPowerShell\v1.0\;C:\Program Files\Java\jdk1.7.0_55\bin;D:\apache-maven-3.2.2\bin;c:\Program Files (x86)\Microsoft SQL Server\100\Tools\Binn\;c:\Program Files\Microsoft SQL Server\100\Tools\Binn\;c:\Program Files\Microsoft SQL Server\100\DTS\Binn\;C:\Program Files (x86)\MySQL\MySQL Utilities 1.4.3\;C:\Program Files (x86)\MySQL\MySQL Utilities 1.4.3\Doctrine extensions for PHP\
USERNAME=Ravimal
OS=Windows_NT
PROCESSOR_IDENTIFIER=Intel64 Family 6 Model 58 Stepping 9, GenuineIntel



---------------  S Y S T E M  ---------------

OS: Windows 8.1 , 64 bit Build 9600 

CPU:total 8 (4 cores per cpu, 2 threads per core) family 6 model 58 stepping 9, cmov, cx8, fxsr, mmx, sse, sse2, sse3, ssse3, sse4.1, sse4.2, popcnt, avx, aes, erms, ht, tsc, tscinvbit, tscinv

Memory: 4k page, physical 8271344k(1437488k free), swap 9728728k(7340k free)

vm_info: Java HotSpot(TM) 64-Bit Server VM (24.55-b03) for windows-amd64 JRE (1.7.0_55-b13), built on Mar 17 2014 19:45:30 by "java_re" with unknown MS VC++:1600

time: Wed May 18 19:50:20 2016
elapsed time: 1 seconds

