#
# There is insufficient memory for the Java Runtime Environment to continue.
# Native memory allocation (malloc) failed to allocate 1048576 bytes for AllocateHeap
# Possible reasons:
#   The system is out of physical RAM or swap space
#   In 32 bit mode, the process size limit was hit
# Possible solutions:
#   Reduce memory load on the system
#   Increase physical memory or swap space
#   Check if swap backing store is full
#   Use 64 bit Java on a 64 bit OS
#   Decrease Java heap size (-Xmx/-Xms)
#   Decrease number of Java threads
#   Decrease Java thread stack sizes (-Xss)
#   Set larger code cache with -XX:ReservedCodeCacheSize=
# This output file may be truncated or incomplete.
#
#  Out of Memory Error (memory/allocation.inline.hpp:61), pid=7308, tid=6260
#
# JRE version:  (7.0_55-b13) (build )
# Java VM: Java HotSpot(TM) 64-Bit Server VM (24.55-b03 mixed mode windows-amd64 compressed oops)
# Failed to write core dump. Minidumps are not enabled by default on client versions of Windows
#

---------------  T H R E A D  ---------------

Current thread (0x0000000002641000):  JavaThread "Unknown thread" [_thread_in_vm, id=6260, stack(0x00000000024c0000,0x00000000025c0000)]

Stack: [0x00000000024c0000,0x00000000025c0000]

---------------  P R O C E S S  ---------------

Java Threads: ( => current thread )

Other Threads:

=>0x0000000002641000 (exited) JavaThread "Unknown thread" [_thread_in_vm, id=6260, stack(0x00000000024c0000,0x00000000025c0000)]

VM state:not at safepoint (normal execution)

VM Mutex/Monitor currently owned by a thread: None

Heap
 PSYoungGen      total 38400K, used 665K [0x00000000eaa80000, 0x00000000ed500000, 0x0000000100000000)
  eden space 33280K, 2% used [0x00000000eaa80000,0x00000000eab266d0,0x00000000ecb00000)
  from space 5120K, 0% used [0x00000000ed000000,0x00000000ed000000,0x00000000ed500000)
  to   space 5120K, 0% used [0x00000000ecb00000,0x00000000ecb00000,0x00000000ed000000)
 ParOldGen       total 86016K, used 0K [0x00000000c0000000, 0x00000000c5400000, 0x00000000eaa80000)
  object space 86016K, 0% used [0x00000000c0000000,0x00000000c0000000,0x00000000c5400000)
 PSPermGen       total 21504K, used 673K [0x00000000bae00000, 0x00000000bc300000, 0x00000000c0000000)
  object space 21504K, 3% used [0x00000000bae00000,0x00000000baea8570,0x00000000bc300000)

Card table byte_map: [0x0000000005800000,0x0000000005a30000] byte_map_base: 0x0000000005229000

Polling page: 0x0000000002460000

Code Cache  [0x0000000002740000, 0x00000000029b0000, 0x0000000005740000)
 total_blobs=38 nmethods=0 adapters=20 free_code_cache=48889Kb largest_free_block=50062528

Compilation events (0 events):
No events

GC Heap History (0 events):
No events

Deoptimization events (0 events):
No events

Internal exceptions (0 events):
No events

Events (10 events):
Event: 0.124 loading class 0x000000000268f3d0
Event: 0.124 loading class 0x000000000268f3d0 done
Event: 0.124 loading class 0x000000000268f420
Event: 0.124 loading class 0x000000000268f420 done
Event: 0.124 loading class 0x000000000268f470
Event: 0.124 loading class 0x000000000268f470 done
Event: 0.125 loading class 0x00000000026901d0
Event: 0.125 loading class 0x00000000026901d0 done
Event: 0.125 loading class 0x000000000268fdf0
Event: 0.125 loading class 0x000000000268fdf0 done


Dynamic libraries:
0x00007ff79db90000 - 0x00007ff79dbc3000 	C:\Program Files\Java\jdk1.7.0_55\bin\java.exe
0x00007ffc65040000 - 0x00007ffc651e9000 	C:\Windows\SYSTEM32\ntdll.dll
0x00007ffc62970000 - 0x00007ffc62aa9000 	C:\Windows\system32\KERNEL32.DLL
0x00007ffc62770000 - 0x00007ffc6287e000 	C:\Windows\system32\KERNELBASE.dll
0x00007ffc60f90000 - 0x00007ffc6101b000 	C:\Windows\system32\apphelp.dll
0x00007ffc57ac0000 - 0x00007ffc57b0f000 	C:\Windows\AppPatch\AppPatch64\AcGenral.DLL
0x00007ffc63550000 - 0x00007ffc635f7000 	C:\Windows\system32\msvcrt.dll
0x00007ffc62230000 - 0x00007ffc6225b000 	C:\Windows\SYSTEM32\SspiCli.dll
0x00007ffc63760000 - 0x00007ffc637b1000 	C:\Windows\system32\SHLWAPI.dll
0x00007ffc62bf0000 - 0x00007ffc62d61000 	C:\Windows\system32\USER32.dll
0x00007ffc630d0000 - 0x00007ffc63246000 	C:\Windows\system32\ole32.dll
0x00007ffc637c0000 - 0x00007ffc64bcf000 	C:\Windows\system32\SHELL32.dll
0x00007ffc61990000 - 0x00007ffc619af000 	C:\Windows\SYSTEM32\USERENV.dll
0x00007ffc62d80000 - 0x00007ffc62e25000 	C:\Windows\system32\ADVAPI32.dll
0x00007ffc56c70000 - 0x00007ffc56c8b000 	C:\Windows\SYSTEM32\MPR.dll
0x00007ffc64bd0000 - 0x00007ffc64d06000 	C:\Windows\system32\RPCRT4.dll
0x00007ffc63440000 - 0x00007ffc63497000 	C:\Windows\SYSTEM32\sechost.dll
0x00007ffc63250000 - 0x00007ffc63427000 	C:\Windows\SYSTEM32\combase.dll
0x00007ffc63600000 - 0x00007ffc63745000 	C:\Windows\system32\GDI32.dll
0x00007ffc623c0000 - 0x00007ffc623d4000 	C:\Windows\SYSTEM32\profapi.dll
0x00007ffc60a10000 - 0x00007ffc60ab1000 	C:\Windows\SYSTEM32\SHCORE.dll
0x00007ffc62e30000 - 0x00007ffc62e64000 	C:\Windows\system32\IMM32.DLL
0x00007ffc62ab0000 - 0x00007ffc62be8000 	C:\Windows\system32\MSCTF.dll
0x00007ffc62370000 - 0x00007ffc623a1000 	C:\Windows\system32\nvinitx.dll
0x000000000f000000 - 0x000000000f006000 	C:\Program Files\NVIDIA Corporation\CoProcManager\_etoured.dll
0x00007ffc60130000 - 0x00007ffc6015d000 	C:\Program Files\NVIDIA Corporation\CoProcManager\nvd3d9wrapx.dll
0x00007ffc64d10000 - 0x00007ffc64ee6000 	C:\Windows\system32\SETUPAPI.dll
0x00007ffc62880000 - 0x00007ffc628ca000 	C:\Windows\system32\CFGMGR32.dll
0x00007ffc60100000 - 0x00007ffc60122000 	C:\Program Files\NVIDIA Corporation\CoProcManager\nvdxgiwrapx.dll
0x00007ffc60570000 - 0x00007ffc607ca000 	C:\Windows\WinSxS\amd64_microsoft.windows.common-controls_6595b64144ccf1df_6.0.9600.16384_none_62475f7becb72503\COMCTL32.dll
0x0000000075800000 - 0x00000000758d2000 	C:\Program Files\Java\jdk1.7.0_55\jre\bin\msvcr100.dll
0x0000000075c90000 - 0x0000000076459000 	C:\Program Files\Java\jdk1.7.0_55\jre\bin\server\jvm.dll
0x00007ffc57b70000 - 0x00007ffc57b79000 	C:\Windows\SYSTEM32\WSOCK32.dll
0x00007ffc600e0000 - 0x00007ffc600ff000 	C:\Windows\SYSTEM32\WINMM.dll
0x00007ffc63750000 - 0x00007ffc63757000 	C:\Windows\system32\PSAPI.DLL
0x00007ffc64ef0000 - 0x00007ffc64f48000 	C:\Windows\system32\WS2_32.dll
0x00007ffc5f6f0000 - 0x00007ffc5f71a000 	C:\Windows\SYSTEM32\WINMMBASE.dll
0x00007ffc62d70000 - 0x00007ffc62d79000 	C:\Windows\system32\NSI.dll
0x00007ffc61230000 - 0x00007ffc61256000 	C:\Windows\SYSTEM32\DEVOBJ.dll
0x0000000075c80000 - 0x0000000075c8f000 	C:\Program Files\Java\jdk1.7.0_55\jre\bin\verify.dll
0x0000000075c50000 - 0x0000000075c78000 	C:\Program Files\Java\jdk1.7.0_55\jre\bin\java.dll
0x0000000075c30000 - 0x0000000075c45000 	C:\Program Files\Java\jdk1.7.0_55\jre\bin\zip.dll

VM Arguments:
jvm_args: -Djava.awt.headless=true -Xmx1024M -Dfile.encoding=windows-1252 -Duser.country=US -Duser.language=en -Duser.variant 
java_command: com.android.dx.command.Main --dex --force-jumbo --num-threads=4 --multi-dex --output C:\Users\Ravimal\AndroidStudioProjects\Healthy\app\build\intermediates\transforms\dex\debug\folders\1000\10\com.felipecsl-gifimageview-2.0.0_c1451363a45769613e6078f0ea54bb86c8862f10 C:\Users\Ravimal\AndroidStudioProjects\Healthy\app\build\intermediates\exploded-aar\com.felipecsl\gifimageview\2.0.0\jars\classes.jar
Launcher Type: SUN_STANDARD

Environment Variables:
JAVA_HOME=C:\Program Files\Java\jdk1.7.0_55
PATH=;C:\Program Files (x86)\NVIDIA Corporation\PhysX\Common;C:\Windows\system32;C:\Windows;C:\Windows\System32\Wbem;C:\Windows\System32\WindowsPowerShell\v1.0\;C:\Program Files\Java\jdk1.7.0_55\bin;D:\apache-maven-3.2.2\bin;c:\Program Files (x86)\Microsoft SQL Server\100\Tools\Binn\;c:\Program Files\Microsoft SQL Server\100\Tools\Binn\;c:\Program Files\Microsoft SQL Server\100\DTS\Binn\;C:\Program Files (x86)\MySQL\MySQL Utilities 1.4.3\;C:\Program Files (x86)\MySQL\MySQL Utilities 1.4.3\Doctrine extensions for PHP\
USERNAME=Ravimal
OS=Windows_NT
PROCESSOR_IDENTIFIER=Intel64 Family 6 Model 58 Stepping 9, GenuineIntel



---------------  S Y S T E M  ---------------

OS: Windows 8.1 , 64 bit Build 9600 

CPU:total 8 (4 cores per cpu, 2 threads per core) family 6 model 58 stepping 9, cmov, cx8, fxsr, mmx, sse, sse2, sse3, ssse3, sse4.1, sse4.2, popcnt, avx, aes, erms, ht, tsc, tscinvbit, tscinv

Memory: 4k page, physical 8271344k(1437892k free), swap 9728728k(5876k free)

vm_info: Java HotSpot(TM) 64-Bit Server VM (24.55-b03) for windows-amd64 JRE (1.7.0_55-b13), built on Mar 17 2014 19:45:30 by "java_re" with unknown MS VC++:1600

time: Wed May 18 19:50:20 2016
elapsed time: 0 seconds

